2023-11-22 15:53:43.004 [main] INFO  c.s.d.DummyProjectApplication -Starting DummyProjectApplication using Java 17.0.9 with PID 7768 (C:\Users\ShivamSinghal\IdeaProjects\dummyProject\build\classes\java\main started by ShivamSinghal in C:\Users\ShivamSinghal\IdeaProjects\dummyProject)
2023-11-22 15:53:43.006 [main] INFO  c.s.d.DummyProjectApplication -No active profile set, falling back to 1 default profile: "default"
2023-11-22 15:53:43.889 [main] INFO  o.s.d.r.c.RepositoryConfigurationDelegate -Bootstrapping Spring Data JPA repositories in DEFAULT mode.
2023-11-22 15:53:43.992 [main] INFO  o.s.d.r.c.RepositoryConfigurationDelegate -Finished Spring Data repository scanning in 91 ms. Found 4 JPA repository interfaces.
2023-11-22 15:53:45.030 [main] INFO  o.s.b.w.e.tomcat.TomcatWebServer -Tomcat initialized with port(s): 8080 (http)
2023-11-22 15:53:45.041 [main] INFO  o.a.coyote.http11.Http11NioProtocol -Initializing ProtocolHandler ["http-nio-8080"]
2023-11-22 15:53:45.044 [main] INFO  o.a.catalina.core.StandardService -Starting service [Tomcat]
2023-11-22 15:53:45.044 [main] INFO  o.a.catalina.core.StandardEngine -Starting Servlet engine: [Apache Tomcat/10.1.15]
2023-11-22 15:53:45.181 [main] INFO  o.a.c.c.C.[Tomcat].[localhost].[/] -Initializing Spring embedded WebApplicationContext
2023-11-22 15:53:45.182 [main] INFO  o.s.b.w.s.c.ServletWebServerApplicationContext -Root WebApplicationContext: initialization completed in 2119 ms
2023-11-22 15:53:45.436 [main] INFO  o.h.jpa.internal.util.LogHelper -HHH000204: Processing PersistenceUnitInfo [name: default]
2023-11-22 15:53:45.521 [main] INFO  org.hibernate.Version -HHH000412: Hibernate ORM core version 6.2.13.Final
2023-11-22 15:53:45.524 [main] INFO  org.hibernate.cfg.Environment -HHH000406: Using bytecode reflection optimizer
2023-11-22 15:53:45.944 [main] INFO  o.s.o.j.p.SpringPersistenceUnitInfo -No LoadTimeWeaver setup: ignoring JPA class transformer
2023-11-22 15:53:45.980 [main] INFO  com.zaxxer.hikari.HikariDataSource -HikariPool-1 - Starting...
2023-11-22 15:53:46.685 [main] INFO  com.zaxxer.hikari.pool.HikariPool -HikariPool-1 - Added connection com.mysql.cj.jdbc.ConnectionImpl@3386ed8
2023-11-22 15:53:46.695 [main] INFO  com.zaxxer.hikari.HikariDataSource -HikariPool-1 - Start completed.
2023-11-22 15:53:48.129 [main] INFO  o.h.e.t.j.p.i.JtaPlatformInitiator -HHH000489: No JTA platform available (set 'hibernate.transaction.jta.platform' to enable JTA platform integration)
2023-11-22 15:53:48.361 [main] INFO  o.s.o.j.LocalContainerEntityManagerFactoryBean -Initialized JPA EntityManagerFactory for persistence unit 'default'
2023-11-22 15:53:49.160 [main] WARN  o.s.b.a.o.j.JpaBaseConfiguration$JpaWebConfiguration -spring.jpa.open-in-view is enabled by default. Therefore, database queries may be performed during view rendering. Explicitly configure spring.jpa.open-in-view to disable this warning
2023-11-22 15:53:49.625 [main] INFO  o.s.s.web.DefaultSecurityFilterChain -Will secure any request with [org.springframework.security.web.session.DisableEncodeUrlFilter@130ad58d, org.springframework.security.web.context.request.async.WebAsyncManagerIntegrationFilter@648bfebe, org.springframework.security.web.context.SecurityContextHolderFilter@2396dc4e, org.springframework.security.web.header.HeaderWriterFilter@5e0b7f58, org.springframework.security.web.authentication.logout.LogoutFilter@6f6998b6, com.softclouds.dummyproject.security.jwt.JwtTokenFilter@f5b4ca6, org.springframework.security.web.authentication.www.BasicAuthenticationFilter@76055d02, org.springframework.security.web.savedrequest.RequestCacheAwareFilter@5825932c, org.springframework.security.web.servletapi.SecurityContextHolderAwareRequestFilter@321c01c2, org.springframework.security.web.authentication.AnonymousAuthenticationFilter@383a5260, org.springframework.security.web.session.SessionManagementFilter@62075e3d, org.springframework.security.web.access.ExceptionTranslationFilter@3e5febe9, org.springframework.security.web.access.intercept.AuthorizationFilter@26398f67]
2023-11-22 15:53:50.031 [main] INFO  o.a.coyote.http11.Http11NioProtocol -Starting ProtocolHandler ["http-nio-8080"]
2023-11-22 15:53:50.070 [main] INFO  o.s.b.w.e.tomcat.TomcatWebServer -Tomcat started on port(s): 8080 (http) with context path ''
2023-11-22 15:53:50.083 [main] INFO  c.s.d.DummyProjectApplication -Started DummyProjectApplication in 7.52 seconds (process running for 9.463)
2023-11-22 15:54:45.546 [SpringApplicationShutdownHook] INFO  o.s.o.j.LocalContainerEntityManagerFactoryBean -Closing JPA EntityManagerFactory for persistence unit 'default'
2023-11-22 15:54:45.549 [SpringApplicationShutdownHook] INFO  com.zaxxer.hikari.HikariDataSource -HikariPool-1 - Shutdown initiated...
2023-11-22 15:54:45.559 [SpringApplicationShutdownHook] INFO  com.zaxxer.hikari.HikariDataSource -HikariPool-1 - Shutdown completed.
