2023-11-17 14:55:29.713 [main] INFO  c.s.d.DummyProjectApplication -Starting DummyProjectApplication using Java 17.0.9 with PID 5196 (C:\Users\ShivamSinghal\IdeaProjects\dummyProject\build\classes\java\main started by ShivamSinghal in C:\Users\ShivamSinghal\IdeaProjects\dummyProject)
2023-11-17 14:55:29.715 [main] INFO  c.s.d.DummyProjectApplication -No active profile set, falling back to 1 default profile: "default"
2023-11-17 14:55:30.463 [main] INFO  o.s.d.r.c.RepositoryConfigurationDelegate -Bootstrapping Spring Data JPA repositories in DEFAULT mode.
2023-11-17 14:55:30.530 [main] INFO  o.s.d.r.c.RepositoryConfigurationDelegate -Finished Spring Data repository scanning in 59 ms. Found 1 JPA repository interfaces.
2023-11-17 14:55:31.195 [main] INFO  o.s.b.w.e.tomcat.TomcatWebServer -Tomcat initialized with port(s): 8080 (http)
2023-11-17 14:55:31.204 [main] INFO  o.a.coyote.http11.Http11NioProtocol -Initializing ProtocolHandler ["http-nio-8080"]
2023-11-17 14:55:31.206 [main] INFO  o.a.catalina.core.StandardService -Starting service [Tomcat]
2023-11-17 14:55:31.207 [main] INFO  o.a.catalina.core.StandardEngine -Starting Servlet engine: [Apache Tomcat/10.1.15]
2023-11-17 14:55:31.301 [main] INFO  o.a.c.c.C.[Tomcat].[localhost].[/] -Initializing Spring embedded WebApplicationContext
2023-11-17 14:55:31.301 [main] INFO  o.s.b.w.s.c.ServletWebServerApplicationContext -Root WebApplicationContext: initialization completed in 1545 ms
2023-11-17 14:55:31.455 [main] INFO  o.h.jpa.internal.util.LogHelper -HHH000204: Processing PersistenceUnitInfo [name: default]
2023-11-17 14:55:31.548 [main] INFO  org.hibernate.Version -HHH000412: Hibernate ORM core version 6.2.13.Final
2023-11-17 14:55:31.552 [main] INFO  org.hibernate.cfg.Environment -HHH000406: Using bytecode reflection optimizer
2023-11-17 14:55:31.921 [main] INFO  o.s.o.j.p.SpringPersistenceUnitInfo -No LoadTimeWeaver setup: ignoring JPA class transformer
2023-11-17 14:55:31.962 [main] INFO  com.zaxxer.hikari.HikariDataSource -HikariPool-1 - Starting...
2023-11-17 14:55:32.330 [main] INFO  com.zaxxer.hikari.pool.HikariPool -HikariPool-1 - Added connection com.mysql.cj.jdbc.ConnectionImpl@7f2ca6f8
2023-11-17 14:55:32.333 [main] INFO  com.zaxxer.hikari.HikariDataSource -HikariPool-1 - Start completed.
2023-11-17 14:55:33.528 [main] INFO  o.h.e.t.j.p.i.JtaPlatformInitiator -HHH000489: No JTA platform available (set 'hibernate.transaction.jta.platform' to enable JTA platform integration)
2023-11-17 14:55:33.692 [main] INFO  o.s.o.j.LocalContainerEntityManagerFactoryBean -Initialized JPA EntityManagerFactory for persistence unit 'default'
2023-11-17 14:55:34.187 [main] WARN  o.s.b.a.o.j.JpaBaseConfiguration$JpaWebConfiguration -spring.jpa.open-in-view is enabled by default. Therefore, database queries may be performed during view rendering. Explicitly configure spring.jpa.open-in-view to disable this warning
2023-11-17 14:55:34.529 [main] INFO  o.s.s.web.DefaultSecurityFilterChain -Will secure any request with [org.springframework.security.web.session.DisableEncodeUrlFilter@31d8352e, org.springframework.security.web.context.request.async.WebAsyncManagerIntegrationFilter@1d82d35c, org.springframework.security.web.context.SecurityContextHolderFilter@16b713dd, org.springframework.security.web.header.HeaderWriterFilter@29280ca6, org.springframework.security.web.authentication.logout.LogoutFilter@e38d655, com.softclouds.dummyproject.security.jwt.JwtTokenFilter@78e59b04, org.springframework.security.web.authentication.www.BasicAuthenticationFilter@20843604, org.springframework.security.web.savedrequest.RequestCacheAwareFilter@58fb5b8f, org.springframework.security.web.servletapi.SecurityContextHolderAwareRequestFilter@7fd3c38b, org.springframework.security.web.authentication.AnonymousAuthenticationFilter@1cb7f2fe, org.springframework.security.web.session.SessionManagementFilter@6768dc74, org.springframework.security.web.access.ExceptionTranslationFilter@4b20a8e4, org.springframework.security.web.access.intercept.AuthorizationFilter@350ede1]
2023-11-17 14:55:34.772 [main] INFO  o.a.coyote.http11.Http11NioProtocol -Starting ProtocolHandler ["http-nio-8080"]
2023-11-17 14:55:34.796 [main] INFO  o.s.b.w.e.tomcat.TomcatWebServer -Tomcat started on port(s): 8080 (http) with context path ''
2023-11-17 14:55:34.809 [main] INFO  c.s.d.DummyProjectApplication -Started DummyProjectApplication in 5.484 seconds (process running for 6.412)
2023-11-17 14:55:51.223 [SpringApplicationShutdownHook] INFO  o.s.o.j.LocalContainerEntityManagerFactoryBean -Closing JPA EntityManagerFactory for persistence unit 'default'
2023-11-17 14:55:51.225 [SpringApplicationShutdownHook] INFO  com.zaxxer.hikari.HikariDataSource -HikariPool-1 - Shutdown initiated...
2023-11-17 14:55:51.233 [SpringApplicationShutdownHook] INFO  com.zaxxer.hikari.HikariDataSource -HikariPool-1 - Shutdown completed.
