2023-11-06 14:06:44.081 [main] INFO  c.s.d.DummyProjectApplication -Starting DummyProjectApplication using Java 17.0.9 with PID 1460 (C:\Users\ShivamSinghal\IdeaProjects\dummyProject\build\classes\java\main started by ShivamSinghal in C:\Users\ShivamSinghal\IdeaProjects\dummyProject)
2023-11-06 14:06:44.084 [main] INFO  c.s.d.DummyProjectApplication -No active profile set, falling back to 1 default profile: "default"
2023-11-06 14:06:45.555 [main] INFO  o.s.d.r.c.RepositoryConfigurationDelegate -Bootstrapping Spring Data JPA repositories in DEFAULT mode.
2023-11-06 14:06:45.699 [main] INFO  o.s.d.r.c.RepositoryConfigurationDelegate -Finished Spring Data repository scanning in 130 ms. Found 1 JPA repository interfaces.
2023-11-06 14:06:46.997 [main] INFO  o.s.b.w.e.tomcat.TomcatWebServer -Tomcat initialized with port(s): 8080 (http)
2023-11-06 14:06:47.010 [main] INFO  o.a.coyote.http11.Http11NioProtocol -Initializing ProtocolHandler ["http-nio-8080"]
2023-11-06 14:06:47.012 [main] INFO  o.a.catalina.core.StandardService -Starting service [Tomcat]
2023-11-06 14:06:47.013 [main] INFO  o.a.catalina.core.StandardEngine -Starting Servlet engine: [Apache Tomcat/10.1.15]
2023-11-06 14:06:47.248 [main] INFO  o.a.c.c.C.[Tomcat].[localhost].[/] -Initializing Spring embedded WebApplicationContext
2023-11-06 14:06:47.250 [main] INFO  o.s.b.w.s.c.ServletWebServerApplicationContext -Root WebApplicationContext: initialization completed in 3087 ms
2023-11-06 14:06:47.551 [main] INFO  o.h.jpa.internal.util.LogHelper -HHH000204: Processing PersistenceUnitInfo [name: default]
2023-11-06 14:06:47.678 [main] INFO  org.hibernate.Version -HHH000412: Hibernate ORM core version 6.2.13.Final
2023-11-06 14:06:47.682 [main] INFO  org.hibernate.cfg.Environment -HHH000406: Using bytecode reflection optimizer
2023-11-06 14:06:48.268 [main] INFO  o.s.o.j.p.SpringPersistenceUnitInfo -No LoadTimeWeaver setup: ignoring JPA class transformer
2023-11-06 14:06:48.336 [main] INFO  com.zaxxer.hikari.HikariDataSource -HikariPool-1 - Starting...
2023-11-06 14:06:48.948 [main] INFO  com.zaxxer.hikari.pool.HikariPool -HikariPool-1 - Added connection com.mysql.cj.jdbc.ConnectionImpl@6141647f
2023-11-06 14:06:48.959 [main] INFO  com.zaxxer.hikari.HikariDataSource -HikariPool-1 - Start completed.
2023-11-06 14:06:51.103 [main] INFO  o.h.e.t.j.p.i.JtaPlatformInitiator -HHH000489: No JTA platform available (set 'hibernate.transaction.jta.platform' to enable JTA platform integration)
2023-11-06 14:06:51.246 [main] INFO  o.s.o.j.LocalContainerEntityManagerFactoryBean -Initialized JPA EntityManagerFactory for persistence unit 'default'
2023-11-06 14:06:52.034 [main] WARN  o.s.b.a.o.j.JpaBaseConfiguration$JpaWebConfiguration -spring.jpa.open-in-view is enabled by default. Therefore, database queries may be performed during view rendering. Explicitly configure spring.jpa.open-in-view to disable this warning
2023-11-06 14:06:52.658 [main] INFO  o.s.s.web.DefaultSecurityFilterChain -Will secure any request with [org.springframework.security.web.session.DisableEncodeUrlFilter@7c928399, org.springframework.security.web.context.request.async.WebAsyncManagerIntegrationFilter@1bcca516, org.springframework.security.web.context.SecurityContextHolderFilter@580c4c0b, org.springframework.security.web.header.HeaderWriterFilter@3ec6f3f1, org.springframework.security.web.authentication.logout.LogoutFilter@aaf4375, com.softclouds.dummyproject.security.jwt.JwtTokenFilter@4df5f119, org.springframework.security.web.authentication.www.BasicAuthenticationFilter@4f3b11e6, org.springframework.security.web.savedrequest.RequestCacheAwareFilter@5bc44d78, org.springframework.security.web.servletapi.SecurityContextHolderAwareRequestFilter@1516f497, org.springframework.security.web.authentication.AnonymousAuthenticationFilter@cef23a8, org.springframework.security.web.session.SessionManagementFilter@3cdc5155, org.springframework.security.web.access.ExceptionTranslationFilter@238d27ef, org.springframework.security.web.access.intercept.AuthorizationFilter@6e6bd43b]
2023-11-06 14:06:53.020 [main] INFO  o.a.coyote.http11.Http11NioProtocol -Starting ProtocolHandler ["http-nio-8080"]
2023-11-06 14:06:53.058 [main] INFO  o.s.b.w.e.tomcat.TomcatWebServer -Tomcat started on port(s): 8080 (http) with context path ''
2023-11-06 14:06:53.069 [main] INFO  c.s.d.DummyProjectApplication -Started DummyProjectApplication in 9.833 seconds (process running for 11.443)
2023-11-06 14:07:25.609 [http-nio-8080-exec-1] INFO  o.a.c.c.C.[Tomcat].[localhost].[/] -Initializing Spring DispatcherServlet 'dispatcherServlet'
2023-11-06 14:07:25.610 [http-nio-8080-exec-1] INFO  o.s.web.servlet.DispatcherServlet -Initializing Servlet 'dispatcherServlet'
2023-11-06 14:07:25.613 [http-nio-8080-exec-1] INFO  o.s.web.servlet.DispatcherServlet -Completed initialization in 3 ms
2023-11-06 14:07:25.964 [http-nio-8080-exec-1] ERROR c.s.d.security.jwt.JwtUtil -JWT token is Expired: JWT expired at 2023-11-02T23:54:52Z. Current time: 2023-11-06T14:07:25Z, a difference of 310353962 milliseconds.  Allowed clock skew: 0 milliseconds.
2023-11-06 14:07:26.042 [http-nio-8080-exec-1] ERROR c.s.d.security.jwt.AuthEntryPointJwt -UnAuthorized error :Full authentication is required to access this resource
2023-11-06 14:07:26.070 [http-nio-8080-exec-1] ERROR c.s.d.security.jwt.AuthEntryPointJwt -UnAuthorized error :Full authentication is required to access this resource
2023-11-06 19:04:53.074 [SpringApplicationShutdownHook] INFO  o.s.o.j.LocalContainerEntityManagerFactoryBean -Closing JPA EntityManagerFactory for persistence unit 'default'
2023-11-06 19:04:53.127 [SpringApplicationShutdownHook] INFO  com.zaxxer.hikari.HikariDataSource -HikariPool-1 - Shutdown initiated...
2023-11-06 19:04:53.144 [SpringApplicationShutdownHook] INFO  com.zaxxer.hikari.HikariDataSource -HikariPool-1 - Shutdown completed.
