2023-11-08 14:32:25.517 [main] INFO  c.s.d.DummyProjectApplication -Starting DummyProjectApplication using Java 17.0.9 with PID 15256 (C:\Users\ShivamSinghal\IdeaProjects\dummyProject\build\classes\java\main started by ShivamSinghal in C:\Users\ShivamSinghal\IdeaProjects\dummyProject)
2023-11-08 14:32:25.522 [main] INFO  c.s.d.DummyProjectApplication -No active profile set, falling back to 1 default profile: "default"
2023-11-08 14:32:26.524 [main] INFO  o.s.d.r.c.RepositoryConfigurationDelegate -Bootstrapping Spring Data JPA repositories in DEFAULT mode.
2023-11-08 14:32:26.604 [main] INFO  o.s.d.r.c.RepositoryConfigurationDelegate -Finished Spring Data repository scanning in 70 ms. Found 1 JPA repository interfaces.
2023-11-08 14:32:27.268 [main] INFO  o.s.b.w.e.tomcat.TomcatWebServer -Tomcat initialized with port(s): 8080 (http)
2023-11-08 14:32:27.281 [main] INFO  o.a.coyote.http11.Http11NioProtocol -Initializing ProtocolHandler ["http-nio-8080"]
2023-11-08 14:32:27.284 [main] INFO  o.a.catalina.core.StandardService -Starting service [Tomcat]
2023-11-08 14:32:27.284 [main] INFO  o.a.catalina.core.StandardEngine -Starting Servlet engine: [Apache Tomcat/10.1.15]
2023-11-08 14:32:27.417 [main] INFO  o.a.c.c.C.[Tomcat].[localhost].[/] -Initializing Spring embedded WebApplicationContext
2023-11-08 14:32:27.417 [main] INFO  o.s.b.w.s.c.ServletWebServerApplicationContext -Root WebApplicationContext: initialization completed in 1774 ms
2023-11-08 14:32:27.663 [main] INFO  o.h.jpa.internal.util.LogHelper -HHH000204: Processing PersistenceUnitInfo [name: default]
2023-11-08 14:32:27.821 [main] INFO  org.hibernate.Version -HHH000412: Hibernate ORM core version 6.2.13.Final
2023-11-08 14:32:27.826 [main] INFO  org.hibernate.cfg.Environment -HHH000406: Using bytecode reflection optimizer
2023-11-08 14:32:28.669 [main] INFO  o.s.o.j.p.SpringPersistenceUnitInfo -No LoadTimeWeaver setup: ignoring JPA class transformer
2023-11-08 14:32:28.766 [main] INFO  com.zaxxer.hikari.HikariDataSource -HikariPool-1 - Starting...
2023-11-08 14:32:29.317 [main] INFO  com.zaxxer.hikari.pool.HikariPool -HikariPool-1 - Added connection com.mysql.cj.jdbc.ConnectionImpl@79d49790
2023-11-08 14:32:29.322 [main] INFO  com.zaxxer.hikari.HikariDataSource -HikariPool-1 - Start completed.
2023-11-08 14:32:30.752 [main] INFO  o.h.e.t.j.p.i.JtaPlatformInitiator -HHH000489: No JTA platform available (set 'hibernate.transaction.jta.platform' to enable JTA platform integration)
2023-11-08 14:32:30.842 [main] INFO  o.s.o.j.LocalContainerEntityManagerFactoryBean -Initialized JPA EntityManagerFactory for persistence unit 'default'
2023-11-08 14:32:31.689 [main] WARN  o.s.b.a.o.j.JpaBaseConfiguration$JpaWebConfiguration -spring.jpa.open-in-view is enabled by default. Therefore, database queries may be performed during view rendering. Explicitly configure spring.jpa.open-in-view to disable this warning
2023-11-08 14:32:32.524 [main] INFO  o.s.s.web.DefaultSecurityFilterChain -Will secure any request with [org.springframework.security.web.session.DisableEncodeUrlFilter@1e4bf55b, org.springframework.security.web.context.request.async.WebAsyncManagerIntegrationFilter@60510791, org.springframework.security.web.context.SecurityContextHolderFilter@1516f497, org.springframework.security.web.header.HeaderWriterFilter@37ad818e, org.springframework.security.web.authentication.logout.LogoutFilter@1fa77770, com.softclouds.dummyproject.security.jwt.JwtTokenFilter@6632eb19, org.springframework.security.web.authentication.www.BasicAuthenticationFilter@cef23a8, org.springframework.security.web.savedrequest.RequestCacheAwareFilter@4d204b30, org.springframework.security.web.servletapi.SecurityContextHolderAwareRequestFilter@44103266, org.springframework.security.web.authentication.AnonymousAuthenticationFilter@15d68a50, org.springframework.security.web.session.SessionManagementFilter@604e8a6, org.springframework.security.web.access.ExceptionTranslationFilter@57859e2c, org.springframework.security.web.access.intercept.AuthorizationFilter@2c7ac998]
2023-11-08 14:32:33.068 [main] INFO  o.a.coyote.http11.Http11NioProtocol -Starting ProtocolHandler ["http-nio-8080"]
2023-11-08 14:32:33.111 [main] INFO  o.s.b.w.e.tomcat.TomcatWebServer -Tomcat started on port(s): 8080 (http) with context path ''
2023-11-08 14:32:33.130 [main] INFO  c.s.d.DummyProjectApplication -Started DummyProjectApplication in 8.331 seconds (process running for 9.615)
2023-11-08 14:46:56.289 [http-nio-8080-exec-1] INFO  o.a.c.c.C.[Tomcat].[localhost].[/] -Initializing Spring DispatcherServlet 'dispatcherServlet'
2023-11-08 14:46:56.305 [http-nio-8080-exec-1] INFO  o.s.web.servlet.DispatcherServlet -Initializing Servlet 'dispatcherServlet'
2023-11-08 14:46:56.390 [http-nio-8080-exec-1] INFO  o.s.web.servlet.DispatcherServlet -Completed initialization in 84 ms
2023-11-08 14:47:50.062 [http-nio-8080-exec-3] INFO  c.s.d.controller.HelloRestController -Calling User...
2023-11-08 14:48:13.599 [http-nio-8080-exec-6] ERROR c.s.d.security.jwt.AuthEntryPointJwt -UnAuthorized error :Full authentication is required to access this resource
2023-11-08 14:48:20.878 [http-nio-8080-exec-7] INFO  c.s.d.controller.HelloRestController -Calling User...
2023-11-08 14:48:46.099 [http-nio-8080-exec-9] INFO  c.s.d.controller.HelloRestController -Calling User...
2023-11-08 17:52:08.286 [SpringApplicationShutdownHook] INFO  o.s.o.j.LocalContainerEntityManagerFactoryBean -Closing JPA EntityManagerFactory for persistence unit 'default'
2023-11-08 17:52:08.352 [SpringApplicationShutdownHook] INFO  com.zaxxer.hikari.HikariDataSource -HikariPool-1 - Shutdown initiated...
2023-11-08 17:52:08.377 [SpringApplicationShutdownHook] INFO  com.zaxxer.hikari.HikariDataSource -HikariPool-1 - Shutdown completed.
